<?xml version="1.0" encoding="UTF-8"?>
<!-- Generated by org.testng.reporters.JUnitXMLReporter -->
<testsuite hostname="IN1WXL-522493" ignored="3" name="Default test" tests="1" failures="0" timestamp="19 Aug 2019 12:00:26 GMT" time="42.113" errors="0">
  <testcase name="FlightCountWithoutSelectingAnyStopOptionsTest" time="27.793" classname="com.qa.makemytrip.test.FlightDetailsPageTest"/>
  <testcase name="DepAndReturnFlightFareTest" time="0.0" classname="com.qa.makemytrip.test.FlightDetailsPageTest">
    <ignored/>
  </testcase> <!-- DepAndReturnFlightFareTest -->
  <testcase name="FlightCountBySelectingNonStopOptionTest" time="0.0" classname="com.qa.makemytrip.test.FlightDetailsPageTest">
    <ignored/>
  </testcase> <!-- FlightCountBySelectingNonStopOptionTest -->
  <testcase name="FlightCountBySelectingOneStopOptionTest" time="0.0" classname="com.qa.makemytrip.test.FlightDetailsPageTest">
    <ignored/>
  </testcase> <!-- FlightCountBySelectingOneStopOptionTest -->
</testsuite> <!-- Default test -->
