<?xml version="1.0" encoding="UTF-8"?>
<testng-results skipped="0" failed="0" ignored="3" total="4" passed="1">
  <reporter-output>
  </reporter-output>
  <suite name="Default suite" duration-ms="42113" started-at="2019-08-19T11:59:44Z" finished-at="2019-08-19T12:00:26Z">
    <groups>
    </groups>
    <test name="Default test" duration-ms="42113" started-at="2019-08-19T11:59:44Z" finished-at="2019-08-19T12:00:26Z">
      <class name="com.qa.makemytrip.test.FlightDetailsPageTest">
        <test-method status="PASS" signature="setUp()[pri:0, instance:com.qa.makemytrip.test.FlightDetailsPageTest@36d4b5c]" name="setUp" is-config="true" duration-ms="13564" started-at="2019-08-19T17:29:44Z" finished-at="2019-08-19T17:29:58Z">
          <reporter-output>
          </reporter-output>
        </test-method> <!-- setUp -->
        <test-method status="PASS" signature="FlightCountWithoutSelectingAnyStopOptionsTest()[pri:0, instance:com.qa.makemytrip.test.FlightDetailsPageTest@36d4b5c]" name="FlightCountWithoutSelectingAnyStopOptionsTest" duration-ms="27793" started-at="2019-08-19T17:29:58Z" finished-at="2019-08-19T17:30:26Z">
          <reporter-output>
          </reporter-output>
        </test-method> <!-- FlightCountWithoutSelectingAnyStopOptionsTest -->
        <test-method status="PASS" signature="shutDown()[pri:0, instance:com.qa.makemytrip.test.FlightDetailsPageTest@36d4b5c]" name="shutDown" is-config="true" duration-ms="735" started-at="2019-08-19T17:30:26Z" finished-at="2019-08-19T17:30:26Z">
          <reporter-output>
          </reporter-output>
        </test-method> <!-- shutDown -->
      </class> <!-- com.qa.makemytrip.test.FlightDetailsPageTest -->
    </test> <!-- Default test -->
  </suite> <!-- Default suite -->
</testng-results>
